This is pdfTeX, Version 3.14159265-2.6-1.40.20 (TeX Live 2019) (preloaded format=pdflatex 2019.11.24)  23 DEC 2020 09:53
entering extended mode
 restricted \write18 enabled.
 %&-line parsing enabled.
**baocao.tex
(./baocao.tex
LaTeX2e <2018-12-01>
(/usr/local/texlive/2019/texmf-dist/tex/latex/base/report.cls
Document Class: report 2018/09/03 v1.4i Standard LaTeX document class
(/usr/local/texlive/2019/texmf-dist/tex/latex/base/size12.clo
File: size12.clo 2018/09/03 v1.4i Standard LaTeX file (size option)
)
\c@part=\count80
\c@chapter=\count81
\c@section=\count82
\c@subsection=\count83
\c@subsubsection=\count84
\c@paragraph=\count85
\c@subparagraph=\count86
\c@figure=\count87
\c@table=\count88
\abovecaptionskip=\skip41
\belowcaptionskip=\skip42
\bibindent=\dimen102
)
(/usr/local/texlive/2019/texmf-dist/tex/latex/vntex/vietnam.sty
Package: vietnam 2009/07/12 v1.3 support for Vietnamese

(/usr/local/texlive/2019/texmf-dist/tex/latex/base/ifthen.sty
Package: ifthen 2014/09/29 v1.1c Standard LaTeX ifthen package (DPC)
)
(/usr/local/texlive/2019/texmf-dist/tex/latex/base/fontenc.sty
Package: fontenc 2018/08/11 v2.0j Standard LaTeX package

(/usr/local/texlive/2019/texmf-dist/tex/latex/vntex/t5enc.def
File: t5enc.def 2006/11/21 v1.4 Vietnamese T5 encoding
Now handling font encoding T5 ...
... processing UTF-8 mapping file for font encoding T5

(/usr/local/texlive/2019/texmf-dist/tex/latex/vntex/t5enc.dfu
File: t5enc.dfu 2006/08/19 v1.1 UTF8 support for Vietnamese
   defining Unicode char U+00AB (decimal 171)
   defining Unicode char U+00BB (decimal 187)
   defining Unicode char U+00C0 (decimal 192)
   defining Unicode char U+00C1 (decimal 193)
   defining Unicode char U+00C2 (decimal 194)
   defining Unicode char U+00C3 (decimal 195)
   defining Unicode char U+00C8 (decimal 200)
   defining Unicode char U+00C9 (decimal 201)
   defining Unicode char U+00CA (decimal 202)
   defining Unicode char U+00CC (decimal 204)
   defining Unicode char U+00CD (decimal 205)
   defining Unicode char U+00D2 (decimal 210)
   defining Unicode char U+00D3 (decimal 211)
   defining Unicode char U+00D4 (decimal 212)
   defining Unicode char U+00D5 (decimal 213)
   defining Unicode char U+00D9 (decimal 217)
   defining Unicode char U+00DA (decimal 218)
   defining Unicode char U+00DD (decimal 221)
   defining Unicode char U+00E0 (decimal 224)
   defining Unicode char U+00E1 (decimal 225)
   defining Unicode char U+00E2 (decimal 226)
   defining Unicode char U+00E3 (decimal 227)
   defining Unicode char U+00E8 (decimal 232)
   defining Unicode char U+00E9 (decimal 233)
   defining Unicode char U+00EA (decimal 234)
   defining Unicode char U+00EC (decimal 236)
   defining Unicode char U+00ED (decimal 237)
   defining Unicode char U+00F2 (decimal 242)
   defining Unicode char U+00F3 (decimal 243)
   defining Unicode char U+00F4 (decimal 244)
   defining Unicode char U+00F5 (decimal 245)
   defining Unicode char U+00F9 (decimal 249)
   defining Unicode char U+00FA (decimal 250)
   defining Unicode char U+00FD (decimal 253)
   defining Unicode char U+0102 (decimal 258)
   defining Unicode char U+0103 (decimal 259)
   defining Unicode char U+0110 (decimal 272)
   defining Unicode char U+0111 (decimal 273)
   defining Unicode char U+0128 (decimal 296)
   defining Unicode char U+0129 (decimal 297)
   defining Unicode char U+0131 (decimal 305)
   defining Unicode char U+0168 (decimal 360)
   defining Unicode char U+0169 (decimal 361)
   defining Unicode char U+01A0 (decimal 416)
   defining Unicode char U+01A1 (decimal 417)
   defining Unicode char U+01AF (decimal 431)
   defining Unicode char U+01B0 (decimal 432)
   defining Unicode char U+1EA0 (decimal 7840)
   defining Unicode char U+1EA1 (decimal 7841)
   defining Unicode char U+1EA2 (decimal 7842)
   defining Unicode char U+1EA3 (decimal 7843)
   defining Unicode char U+1EA4 (decimal 7844)
   defining Unicode char U+1EA5 (decimal 7845)
   defining Unicode char U+1EA6 (decimal 7846)
   defining Unicode char U+1EA7 (decimal 7847)
   defining Unicode char U+1EA8 (decimal 7848)
   defining Unicode char U+1EA9 (decimal 7849)
   defining Unicode char U+1EAA (decimal 7850)
   defining Unicode char U+1EAB (decimal 7851)
   defining Unicode char U+1EAC (decimal 7852)
   defining Unicode char U+1EAD (decimal 7853)
   defining Unicode char U+1EAE (decimal 7854)
   defining Unicode char U+1EAF (decimal 7855)
   defining Unicode char U+1EB0 (decimal 7856)
   defining Unicode char U+1EB1 (decimal 7857)
   defining Unicode char U+1EB2 (decimal 7858)
   defining Unicode char U+1EB3 (decimal 7859)
   defining Unicode char U+1EB4 (decimal 7860)
   defining Unicode char U+1EB5 (decimal 7861)
   defining Unicode char U+1EB6 (decimal 7862)
   defining Unicode char U+1EB7 (decimal 7863)
   defining Unicode char U+1EB8 (decimal 7864)
   defining Unicode char U+1EB9 (decimal 7865)
   defining Unicode char U+1EBA (decimal 7866)
   defining Unicode char U+1EBB (decimal 7867)
   defining Unicode char U+1EBC (decimal 7868)
   defining Unicode char U+1EBD (decimal 7869)
   defining Unicode char U+1EBE (decimal 7870)
   defining Unicode char U+1EBF (decimal 7871)
   defining Unicode char U+1EC0 (decimal 7872)
   defining Unicode char U+1EC1 (decimal 7873)
   defining Unicode char U+1EC2 (decimal 7874)
   defining Unicode char U+1EC3 (decimal 7875)
   defining Unicode char U+1EC4 (decimal 7876)
   defining Unicode char U+1EC5 (decimal 7877)
   defining Unicode char U+1EC6 (decimal 7878)
   defining Unicode char U+1EC7 (decimal 7879)
   defining Unicode char U+1EC8 (decimal 7880)
   defining Unicode char U+1EC9 (decimal 7881)
   defining Unicode char U+1ECA (decimal 7882)
   defining Unicode char U+1ECB (decimal 7883)
   defining Unicode char U+1ECC (decimal 7884)
   defining Unicode char U+1ECD (decimal 7885)
   defining Unicode char U+1ECE (decimal 7886)
   defining Unicode char U+1ECF (decimal 7887)
   defining Unicode char U+1ED0 (decimal 7888)
   defining Unicode char U+1ED1 (decimal 7889)
   defining Unicode char U+1ED2 (decimal 7890)
   defining Unicode char U+1ED3 (decimal 7891)
   defining Unicode char U+1ED4 (decimal 7892)
   defining Unicode char U+1ED5 (decimal 7893)
   defining Unicode char U+1ED6 (decimal 7894)
   defining Unicode char U+1ED7 (decimal 7895)
   defining Unicode char U+1ED8 (decimal 7896)
   defining Unicode char U+1ED9 (decimal 7897)
   defining Unicode char U+1EDA (decimal 7898)
   defining Unicode char U+1EDB (decimal 7899)
   defining Unicode char U+1EDC (decimal 7900)
   defining Unicode char U+1EDD (decimal 7901)
   defining Unicode char U+1EDE (decimal 7902)
   defining Unicode char U+1EDF (decimal 7903)
   defining Unicode char U+1EE0 (decimal 7904)
   defining Unicode char U+1EE1 (decimal 7905)
   defining Unicode char U+1EE2 (decimal 7906)
   defining Unicode char U+1EE3 (decimal 7907)
   defining Unicode char U+1EE4 (decimal 7908)
   defining Unicode char U+1EE5 (decimal 7909)
   defining Unicode char U+1EE6 (decimal 7910)
   defining Unicode char U+1EE7 (decimal 7911)
   defining Unicode char U+1EE8 (decimal 7912)
   defining Unicode char U+1EE9 (decimal 7913)
   defining Unicode char U+1EEA (decimal 7914)
   defining Unicode char U+1EEB (decimal 7915)
   defining Unicode char U+1EEC (decimal 7916)
   defining Unicode char U+1EED (decimal 7917)
   defining Unicode char U+1EEE (decimal 7918)
   defining Unicode char U+1EEF (decimal 7919)
   defining Unicode char U+1EF0 (decimal 7920)
   defining Unicode char U+1EF1 (decimal 7921)
   defining Unicode char U+1EF2 (decimal 7922)
   defining Unicode char U+1EF3 (decimal 7923)
   defining Unicode char U+1EF4 (decimal 7924)
   defining Unicode char U+1EF5 (decimal 7925)
   defining Unicode char U+1EF6 (decimal 7926)
   defining Unicode char U+1EF7 (decimal 7927)
   defining Unicode char U+1EF8 (decimal 7928)
   defining Unicode char U+1EF9 (decimal 7929)
   defining Unicode char U+200C (decimal 8204)
   defining Unicode char U+2013 (decimal 8211)
   defining Unicode char U+2014 (decimal 8212)
   defining Unicode char U+2018 (decimal 8216)
   defining Unicode char U+2019 (decimal 8217)
   defining Unicode char U+201A (decimal 8218)
   defining Unicode char U+201C (decimal 8220)
   defining Unicode char U+201D (decimal 8221)
   defining Unicode char U+201E (decimal 8222)
   defining Unicode char U+2030 (decimal 8240)
   defining Unicode char U+2031 (decimal 8241)
   defining Unicode char U+2039 (decimal 8249)
   defining Unicode char U+203A (decimal 8250)
   defining Unicode char U+2423 (decimal 9251)
))
LaTeX Font Info:    Try loading font information for T5+cmr on input line 105.

(/usr/local/texlive/2019/texmf-dist/tex/latex/vntex/t5cmr.fd
File: t5cmr.fd 1999/05/25 v2.5h Standard LaTeX font definitions
))
(/usr/local/texlive/2019/texmf-dist/tex/latex/base/inputenc.sty
Package: inputenc 2018/08/11 v1.3c Input encoding file
\inpenc@prehook=\toks14
\inpenc@posthook=\toks15
)
(/usr/local/texlive/2019/texmf-dist/tex/latex/vntex/vncaps.tex
File: vncaps.tex 2006/06/07 v1.1 Captions in Vietnamese
))
(/usr/local/texlive/2019/texmf-dist/tex/latex/amsmath/amsmath.sty
Package: amsmath 2018/12/01 v2.17b AMS math features
\@mathmargin=\skip43

For additional information on amsmath, use the `?' option.
(/usr/local/texlive/2019/texmf-dist/tex/latex/amsmath/amstext.sty
Package: amstext 2000/06/29 v2.01 AMS text

(/usr/local/texlive/2019/texmf-dist/tex/latex/amsmath/amsgen.sty
File: amsgen.sty 1999/11/30 v2.0 generic functions
\@emptytoks=\toks16
\ex@=\dimen103
))
(/usr/local/texlive/2019/texmf-dist/tex/latex/amsmath/amsbsy.sty
Package: amsbsy 1999/11/29 v1.2d Bold Symbols
\pmbraise@=\dimen104
)
(/usr/local/texlive/2019/texmf-dist/tex/latex/amsmath/amsopn.sty
Package: amsopn 2016/03/08 v2.02 operator names
)
\inf@bad=\count89
LaTeX Info: Redefining \frac on input line 223.
\uproot@=\count90
\leftroot@=\count91
LaTeX Info: Redefining \overline on input line 385.
\classnum@=\count92
\DOTSCASE@=\count93
LaTeX Info: Redefining \ldots on input line 482.
LaTeX Info: Redefining \dots on input line 485.
LaTeX Info: Redefining \cdots on input line 606.
\Mathstrutbox@=\box27
\strutbox@=\box28
\big@size=\dimen105
LaTeX Font Info:    Redeclaring font encoding OML on input line 729.
LaTeX Font Info:    Redeclaring font encoding OMS on input line 730.
\macc@depth=\count94
\c@MaxMatrixCols=\count95
\dotsspace@=\muskip10
\c@parentequation=\count96
\dspbrk@lvl=\count97
\tag@help=\toks17
\row@=\count98
\column@=\count99
\maxfields@=\count100
\andhelp@=\toks18
\eqnshift@=\dimen106
\alignsep@=\dimen107
\tagshift@=\dimen108
\tagwidth@=\dimen109
\totwidth@=\dimen110
\lineht@=\dimen111
\@envbody=\toks19
\multlinegap=\skip44
\multlinetaggap=\skip45
\mathdisplay@stack=\toks20
LaTeX Info: Redefining \[ on input line 2844.
LaTeX Info: Redefining \] on input line 2845.
)
(/usr/local/texlive/2019/texmf-dist/tex/latex/amsfonts/amsfonts.sty
Package: amsfonts 2013/01/14 v3.01 Basic AMSFonts support
\symAMSa=\mathgroup4
\symAMSb=\mathgroup5
LaTeX Font Info:    Overwriting math alphabet `\mathfrak' in version `bold'
(Font)                  U/euf/m/n --> U/euf/b/n on input line 106.
)
(/usr/local/texlive/2019/texmf-dist/tex/latex/amsfonts/amssymb.sty
Package: amssymb 2013/01/14 v3.01 AMS font symbols
)
(/usr/local/texlive/2019/texmf-dist/tex/latex/amscls/amsthm.sty
Package: amsthm 2017/10/31 v2.20.4
\thm@style=\toks21
\thm@bodyfont=\toks22
\thm@headfont=\toks23
\thm@notefont=\toks24
\thm@headpunct=\toks25
\thm@preskip=\skip46
\thm@postskip=\skip47
\thm@headsep=\skip48
\dth@everypar=\toks26
)
(/usr/local/texlive/2019/texmf-dist/tex/latex/fancyhdr/fancyhdr.sty
Package: fancyhdr 2019/01/31 v3.10 Extensive control of page headers and footer
s
\f@nch@headwidth=\skip49
\f@nch@O@elh=\skip50
\f@nch@O@erh=\skip51
\f@nch@O@olh=\skip52
\f@nch@O@orh=\skip53
\f@nch@O@elf=\skip54
\f@nch@O@erf=\skip55
\f@nch@O@olf=\skip56
\f@nch@O@orf=\skip57
)
(/usr/local/texlive/2019/texmf-dist/tex/latex/jknapltx/mathrsfs.sty
Package: mathrsfs 1996/01/01 Math RSFS package v1.0 (jk)
\symrsfs=\mathgroup6
)
(/usr/local/texlive/2019/texmf-dist/tex/latex/geometry/geometry.sty
Package: geometry 2018/04/16 v5.8 Page Geometry

(/usr/local/texlive/2019/texmf-dist/tex/latex/graphics/keyval.sty
Package: keyval 2014/10/28 v1.15 key=value parser (DPC)
\KV@toks@=\toks27
)
(/usr/local/texlive/2019/texmf-dist/tex/generic/oberdiek/ifpdf.sty
Package: ifpdf 2018/09/07 v3.3 Provides the ifpdf switch
)
(/usr/local/texlive/2019/texmf-dist/tex/generic/oberdiek/ifvtex.sty
Package: ifvtex 2016/05/16 v1.6 Detect VTeX and its facilities (HO)
Package ifvtex Info: VTeX not detected.
)
(/usr/local/texlive/2019/texmf-dist/tex/generic/ifxetex/ifxetex.sty
Package: ifxetex 2010/09/12 v0.6 Provides ifxetex conditional
)
\Gm@cnth=\count101
\Gm@cntv=\count102
\c@Gm@tempcnt=\count103
\Gm@bindingoffset=\dimen112
\Gm@wd@mp=\dimen113
\Gm@odd@mp=\dimen114
\Gm@even@mp=\dimen115
\Gm@layoutwidth=\dimen116
\Gm@layoutheight=\dimen117
\Gm@layouthoffset=\dimen118
\Gm@layoutvoffset=\dimen119
\Gm@dimlist=\toks28
)
(/usr/local/texlive/2019/texmf-dist/tex/latex/graphics/graphicx.sty
Package: graphicx 2017/06/01 v1.1a Enhanced LaTeX Graphics (DPC,SPQR)

(/usr/local/texlive/2019/texmf-dist/tex/latex/graphics/graphics.sty
Package: graphics 2017/06/25 v1.2c Standard LaTeX Graphics (DPC,SPQR)

(/usr/local/texlive/2019/texmf-dist/tex/latex/graphics/trig.sty
Package: trig 2016/01/03 v1.10 sin cos tan (DPC)
)
(/usr/local/texlive/2019/texmf-dist/tex/latex/graphics-cfg/graphics.cfg
File: graphics.cfg 2016/06/04 v1.11 sample graphics configuration
)
Package graphics Info: Driver file: pdftex.def on input line 99.

(/usr/local/texlive/2019/texmf-dist/tex/latex/graphics-def/pdftex.def
File: pdftex.def 2018/01/08 v1.0l Graphics/color driver for pdftex
))
\Gin@req@height=\dimen120
\Gin@req@width=\dimen121
)
(/usr/local/texlive/2019/texmf-dist/tex/latex/pgf/frontendlayer/tikz.sty
(/usr/local/texlive/2019/texmf-dist/tex/latex/pgf/basiclayer/pgf.sty
(/usr/local/texlive/2019/texmf-dist/tex/latex/pgf/utilities/pgfrcs.sty
(/usr/local/texlive/2019/texmf-dist/tex/generic/pgf/utilities/pgfutil-common.te
x
\pgfutil@everybye=\toks29
\pgfutil@tempdima=\dimen122
\pgfutil@tempdimb=\dimen123

(/usr/local/texlive/2019/texmf-dist/tex/generic/pgf/utilities/pgfutil-common-li
sts.tex))
(/usr/local/texlive/2019/texmf-dist/tex/generic/pgf/utilities/pgfutil-latex.def
\pgfutil@abb=\box29
(/usr/local/texlive/2019/texmf-dist/tex/latex/ms/everyshi.sty
Package: everyshi 2001/05/15 v3.00 EveryShipout Package (MS)
))
(/usr/local/texlive/2019/texmf-dist/tex/generic/pgf/utilities/pgfrcs.code.tex
(/usr/local/texlive/2019/texmf-dist/tex/generic/pgf/pgf.revision.tex)
Package: pgfrcs 2019/04/04 v3.1.2 (3.1.2)
))
Package: pgf 2019/04/04 v3.1.2 (3.1.2)

(/usr/local/texlive/2019/texmf-dist/tex/latex/pgf/basiclayer/pgfcore.sty
(/usr/local/texlive/2019/texmf-dist/tex/latex/pgf/systemlayer/pgfsys.sty
(/usr/local/texlive/2019/texmf-dist/tex/generic/pgf/systemlayer/pgfsys.code.tex
Package: pgfsys 2019/04/04 v3.1.2 (3.1.2)
(/usr/local/texlive/2019/texmf-dist/tex/generic/pgf/utilities/pgfkeys.code.tex
\pgfkeys@pathtoks=\toks30
\pgfkeys@temptoks=\toks31

(/usr/local/texlive/2019/texmf-dist/tex/generic/pgf/utilities/pgfkeysfiltered.c
ode.tex
\pgfkeys@tmptoks=\toks32
))
\pgf@x=\dimen124
\pgf@y=\dimen125
\pgf@xa=\dimen126
\pgf@ya=\dimen127
\pgf@xb=\dimen128
\pgf@yb=\dimen129
\pgf@xc=\dimen130
\pgf@yc=\dimen131
\w@pgf@writea=\write3
\r@pgf@reada=\read1
\c@pgf@counta=\count104
\c@pgf@countb=\count105
\c@pgf@countc=\count106
\c@pgf@countd=\count107
\t@pgf@toka=\toks33
\t@pgf@tokb=\toks34
\t@pgf@tokc=\toks35
\pgf@sys@id@count=\count108

(/usr/local/texlive/2019/texmf-dist/tex/generic/pgf/systemlayer/pgf.cfg
File: pgf.cfg 2019/04/04 v3.1.2 (3.1.2)
)
Driver file for pgf: pgfsys-pdftex.def

(/usr/local/texlive/2019/texmf-dist/tex/generic/pgf/systemlayer/pgfsys-pdftex.d
ef
File: pgfsys-pdftex.def 2019/04/04 v3.1.2 (3.1.2)

(/usr/local/texlive/2019/texmf-dist/tex/generic/pgf/systemlayer/pgfsys-common-p
df.def
File: pgfsys-common-pdf.def 2019/04/04 v3.1.2 (3.1.2)
)))
(/usr/local/texlive/2019/texmf-dist/tex/generic/pgf/systemlayer/pgfsyssoftpath.
code.tex
File: pgfsyssoftpath.code.tex 2019/04/04 v3.1.2 (3.1.2)
\pgfsyssoftpath@smallbuffer@items=\count109
\pgfsyssoftpath@bigbuffer@items=\count110
)
(/usr/local/texlive/2019/texmf-dist/tex/generic/pgf/systemlayer/pgfsysprotocol.
code.tex
File: pgfsysprotocol.code.tex 2019/04/04 v3.1.2 (3.1.2)
)) (/usr/local/texlive/2019/texmf-dist/tex/latex/xcolor/xcolor.sty
Package: xcolor 2016/05/11 v2.12 LaTeX color extensions (UK)

(/usr/local/texlive/2019/texmf-dist/tex/latex/graphics-cfg/color.cfg
File: color.cfg 2016/01/02 v1.6 sample color configuration
)
Package xcolor Info: Driver file: pdftex.def on input line 225.
Package xcolor Info: Model `cmy' substituted by `cmy0' on input line 1348.
Package xcolor Info: Model `hsb' substituted by `rgb' on input line 1352.
Package xcolor Info: Model `RGB' extended on input line 1364.
Package xcolor Info: Model `HTML' substituted by `rgb' on input line 1366.
Package xcolor Info: Model `Hsb' substituted by `hsb' on input line 1367.
Package xcolor Info: Model `tHsb' substituted by `hsb' on input line 1368.
Package xcolor Info: Model `HSB' substituted by `hsb' on input line 1369.
Package xcolor Info: Model `Gray' substituted by `gray' on input line 1370.
Package xcolor Info: Model `wave' substituted by `hsb' on input line 1371.
)
(/usr/local/texlive/2019/texmf-dist/tex/generic/pgf/basiclayer/pgfcore.code.tex
Package: pgfcore 2019/04/04 v3.1.2 (3.1.2)
(/usr/local/texlive/2019/texmf-dist/tex/generic/pgf/math/pgfmath.code.tex
(/usr/local/texlive/2019/texmf-dist/tex/generic/pgf/math/pgfmathcalc.code.tex
(/usr/local/texlive/2019/texmf-dist/tex/generic/pgf/math/pgfmathutil.code.tex)
(/usr/local/texlive/2019/texmf-dist/tex/generic/pgf/math/pgfmathparser.code.tex
\pgfmath@dimen=\dimen132
\pgfmath@count=\count111
\pgfmath@box=\box30
\pgfmath@toks=\toks36
\pgfmath@stack@operand=\toks37
\pgfmath@stack@operation=\toks38
)
(/usr/local/texlive/2019/texmf-dist/tex/generic/pgf/math/pgfmathfunctions.code.
tex
(/usr/local/texlive/2019/texmf-dist/tex/generic/pgf/math/pgfmathfunctions.basic
.code.tex)
(/usr/local/texlive/2019/texmf-dist/tex/generic/pgf/math/pgfmathfunctions.trigo
nometric.code.tex)
(/usr/local/texlive/2019/texmf-dist/tex/generic/pgf/math/pgfmathfunctions.rando
m.code.tex)
(/usr/local/texlive/2019/texmf-dist/tex/generic/pgf/math/pgfmathfunctions.compa
rison.code.tex)
(/usr/local/texlive/2019/texmf-dist/tex/generic/pgf/math/pgfmathfunctions.base.
code.tex)
(/usr/local/texlive/2019/texmf-dist/tex/generic/pgf/math/pgfmathfunctions.round
.code.tex)
(/usr/local/texlive/2019/texmf-dist/tex/generic/pgf/math/pgfmathfunctions.misc.
code.tex)
(/usr/local/texlive/2019/texmf-dist/tex/generic/pgf/math/pgfmathfunctions.integ
erarithmetics.code.tex)))
(/usr/local/texlive/2019/texmf-dist/tex/generic/pgf/math/pgfmathfloat.code.tex
\c@pgfmathroundto@lastzeros=\count112
))
(/usr/local/texlive/2019/texmf-dist/tex/generic/pgf/basiclayer/pgfcorepoints.co
de.tex
File: pgfcorepoints.code.tex 2019/04/04 v3.1.2 (3.1.2)
\pgf@picminx=\dimen133
\pgf@picmaxx=\dimen134
\pgf@picminy=\dimen135
\pgf@picmaxy=\dimen136
\pgf@pathminx=\dimen137
\pgf@pathmaxx=\dimen138
\pgf@pathminy=\dimen139
\pgf@pathmaxy=\dimen140
\pgf@xx=\dimen141
\pgf@xy=\dimen142
\pgf@yx=\dimen143
\pgf@yy=\dimen144
\pgf@zx=\dimen145
\pgf@zy=\dimen146
)
(/usr/local/texlive/2019/texmf-dist/tex/generic/pgf/basiclayer/pgfcorepathconst
ruct.code.tex
File: pgfcorepathconstruct.code.tex 2019/04/04 v3.1.2 (3.1.2)
\pgf@path@lastx=\dimen147
\pgf@path@lasty=\dimen148
)
(/usr/local/texlive/2019/texmf-dist/tex/generic/pgf/basiclayer/pgfcorepathusage
.code.tex
File: pgfcorepathusage.code.tex 2019/04/04 v3.1.2 (3.1.2)
\pgf@shorten@end@additional=\dimen149
\pgf@shorten@start@additional=\dimen150
)
(/usr/local/texlive/2019/texmf-dist/tex/generic/pgf/basiclayer/pgfcorescopes.co
de.tex
File: pgfcorescopes.code.tex 2019/04/04 v3.1.2 (3.1.2)
\pgfpic=\box31
\pgf@hbox=\box32
\pgf@layerbox@main=\box33
\pgf@picture@serial@count=\count113
)
(/usr/local/texlive/2019/texmf-dist/tex/generic/pgf/basiclayer/pgfcoregraphicst
ate.code.tex
File: pgfcoregraphicstate.code.tex 2019/04/04 v3.1.2 (3.1.2)
\pgflinewidth=\dimen151
)
(/usr/local/texlive/2019/texmf-dist/tex/generic/pgf/basiclayer/pgfcoretransform
ations.code.tex
File: pgfcoretransformations.code.tex 2019/04/04 v3.1.2 (3.1.2)
\pgf@pt@x=\dimen152
\pgf@pt@y=\dimen153
\pgf@pt@temp=\dimen154
)
(/usr/local/texlive/2019/texmf-dist/tex/generic/pgf/basiclayer/pgfcorequick.cod
e.tex
File: pgfcorequick.code.tex 2019/04/04 v3.1.2 (3.1.2)
)
(/usr/local/texlive/2019/texmf-dist/tex/generic/pgf/basiclayer/pgfcoreobjects.c
ode.tex
File: pgfcoreobjects.code.tex 2019/04/04 v3.1.2 (3.1.2)
)
(/usr/local/texlive/2019/texmf-dist/tex/generic/pgf/basiclayer/pgfcorepathproce
ssing.code.tex
File: pgfcorepathprocessing.code.tex 2019/04/04 v3.1.2 (3.1.2)
)
(/usr/local/texlive/2019/texmf-dist/tex/generic/pgf/basiclayer/pgfcorearrows.co
de.tex
File: pgfcorearrows.code.tex 2019/04/04 v3.1.2 (3.1.2)
\pgfarrowsep=\dimen155
)
(/usr/local/texlive/2019/texmf-dist/tex/generic/pgf/basiclayer/pgfcoreshade.cod
e.tex
File: pgfcoreshade.code.tex 2019/04/04 v3.1.2 (3.1.2)
\pgf@max=\dimen156
\pgf@sys@shading@range@num=\count114
\pgf@shadingcount=\count115
)
(/usr/local/texlive/2019/texmf-dist/tex/generic/pgf/basiclayer/pgfcoreimage.cod
e.tex
File: pgfcoreimage.code.tex 2019/04/04 v3.1.2 (3.1.2)

(/usr/local/texlive/2019/texmf-dist/tex/generic/pgf/basiclayer/pgfcoreexternal.
code.tex
File: pgfcoreexternal.code.tex 2019/04/04 v3.1.2 (3.1.2)
\pgfexternal@startupbox=\box34
))
(/usr/local/texlive/2019/texmf-dist/tex/generic/pgf/basiclayer/pgfcorelayers.co
de.tex
File: pgfcorelayers.code.tex 2019/04/04 v3.1.2 (3.1.2)
)
(/usr/local/texlive/2019/texmf-dist/tex/generic/pgf/basiclayer/pgfcoretranspare
ncy.code.tex
File: pgfcoretransparency.code.tex 2019/04/04 v3.1.2 (3.1.2)
)
(/usr/local/texlive/2019/texmf-dist/tex/generic/pgf/basiclayer/pgfcorepatterns.
code.tex
File: pgfcorepatterns.code.tex 2019/04/04 v3.1.2 (3.1.2)
)
(/usr/local/texlive/2019/texmf-dist/tex/generic/pgf/basiclayer/pgfcorerdf.code.
tex
File: pgfcorerdf.code.tex 2019/04/04 v3.1.2 (3.1.2)
)))
(/usr/local/texlive/2019/texmf-dist/tex/generic/pgf/modules/pgfmoduleshapes.cod
e.tex
File: pgfmoduleshapes.code.tex 2019/04/04 v3.1.2 (3.1.2)
\pgfnodeparttextbox=\box35
)
(/usr/local/texlive/2019/texmf-dist/tex/generic/pgf/modules/pgfmoduleplot.code.
tex
File: pgfmoduleplot.code.tex 2019/04/04 v3.1.2 (3.1.2)
)
(/usr/local/texlive/2019/texmf-dist/tex/latex/pgf/compatibility/pgfcomp-version
-0-65.sty
Package: pgfcomp-version-0-65 2019/04/04 v3.1.2 (3.1.2)
\pgf@nodesepstart=\dimen157
\pgf@nodesepend=\dimen158
)
(/usr/local/texlive/2019/texmf-dist/tex/latex/pgf/compatibility/pgfcomp-version
-1-18.sty
Package: pgfcomp-version-1-18 2019/04/04 v3.1.2 (3.1.2)
))
(/usr/local/texlive/2019/texmf-dist/tex/latex/pgf/utilities/pgffor.sty
(/usr/local/texlive/2019/texmf-dist/tex/latex/pgf/utilities/pgfkeys.sty
(/usr/local/texlive/2019/texmf-dist/tex/generic/pgf/utilities/pgfkeys.code.tex)
) (/usr/local/texlive/2019/texmf-dist/tex/latex/pgf/math/pgfmath.sty
(/usr/local/texlive/2019/texmf-dist/tex/generic/pgf/math/pgfmath.code.tex))
(/usr/local/texlive/2019/texmf-dist/tex/generic/pgf/utilities/pgffor.code.tex
Package: pgffor 2019/04/04 v3.1.2 (3.1.2)

(/usr/local/texlive/2019/texmf-dist/tex/generic/pgf/math/pgfmath.code.tex)
\pgffor@iter=\dimen159
\pgffor@skip=\dimen160
\pgffor@stack=\toks39
\pgffor@toks=\toks40
))
(/usr/local/texlive/2019/texmf-dist/tex/generic/pgf/frontendlayer/tikz/tikz.cod
e.tex
Package: tikz 2019/04/04 v3.1.2 (3.1.2)

(/usr/local/texlive/2019/texmf-dist/tex/generic/pgf/libraries/pgflibraryplothan
dlers.code.tex
File: pgflibraryplothandlers.code.tex 2019/04/04 v3.1.2 (3.1.2)
\pgf@plot@mark@count=\count116
\pgfplotmarksize=\dimen161
)
\tikz@lastx=\dimen162
\tikz@lasty=\dimen163
\tikz@lastxsaved=\dimen164
\tikz@lastysaved=\dimen165
\tikzleveldistance=\dimen166
\tikzsiblingdistance=\dimen167
\tikz@figbox=\box36
\tikz@figbox@bg=\box37
\tikz@tempbox=\box38
\tikz@tempbox@bg=\box39
\tikztreelevel=\count117
\tikznumberofchildren=\count118
\tikznumberofcurrentchild=\count119
\tikz@fig@count=\count120

(/usr/local/texlive/2019/texmf-dist/tex/generic/pgf/modules/pgfmodulematrix.cod
e.tex
File: pgfmodulematrix.code.tex 2019/04/04 v3.1.2 (3.1.2)
\pgfmatrixcurrentrow=\count121
\pgfmatrixcurrentcolumn=\count122
\pgf@matrix@numberofcolumns=\count123
)
\tikz@expandcount=\count124

(/usr/local/texlive/2019/texmf-dist/tex/generic/pgf/frontendlayer/tikz/librarie
s/tikzlibrarytopaths.code.tex
File: tikzlibrarytopaths.code.tex 2019/04/04 v3.1.2 (3.1.2)
)))
(/usr/local/texlive/2019/texmf-dist/tex/latex/float/float.sty
Package: float 2001/11/08 v1.3d Float enhancements (AL)
\c@float@type=\count125
\float@exts=\toks41
\float@box=\box40
\@float@everytoks=\toks42
\@floatcapt=\box41
)
(/usr/local/texlive/2019/texmf-dist/tex/latex/pdfpages/pdfpages.sty
Package: pdfpages 2017/10/31 v0.5l Insert pages of external PDF documents (AM)

(/usr/local/texlive/2019/texmf-dist/tex/latex/tools/calc.sty
Package: calc 2017/05/25 v4.3 Infix arithmetic (KKT,FJ)
\calc@Acount=\count126
\calc@Bcount=\count127
\calc@Adimen=\dimen168
\calc@Bdimen=\dimen169
\calc@Askip=\skip58
\calc@Bskip=\skip59
LaTeX Info: Redefining \setlength on input line 80.
LaTeX Info: Redefining \addtolength on input line 81.
\calc@Ccount=\count128
\calc@Cskip=\skip60
)
(/usr/local/texlive/2019/texmf-dist/tex/latex/eso-pic/eso-pic.sty
Package: eso-pic 2018/04/12 v2.0h eso-pic (RN)

(/usr/local/texlive/2019/texmf-dist/tex/generic/oberdiek/atbegshi.sty
Package: atbegshi 2016/06/09 v1.18 At begin shipout hook (HO)

(/usr/local/texlive/2019/texmf-dist/tex/generic/oberdiek/infwarerr.sty
Package: infwarerr 2016/05/16 v1.4 Providing info/warning/error messages (HO)
)
(/usr/local/texlive/2019/texmf-dist/tex/generic/oberdiek/ltxcmds.sty
Package: ltxcmds 2016/05/16 v1.23 LaTeX kernel commands for general use (HO)
)))
\AM@pagewidth=\dimen170
\AM@pageheight=\dimen171

(/usr/local/texlive/2019/texmf-dist/tex/latex/pdfpages/pppdftex.def
File: pppdftex.def 2017/10/31 v0.5l Pdfpages driver for pdfTeX (AM)
)
\AM@pagebox=\box42
\AM@global@opts=\toks43
\AM@toc@title=\toks44
\c@AM@survey=\count129
\AM@templatesizebox=\box43
)
(/usr/local/texlive/2019/texmf-dist/tex/latex/amsfonts/eufrak.sty

Package eufrak Warning: The eufrak package is redundant if the amsfonts package
 is used on input line 36.

) (/usr/local/texlive/2019/texmf-dist/tex/latex/listings/listings.sty
\lst@mode=\count130
\lst@gtempboxa=\box44
\lst@token=\toks45
\lst@length=\count131
\lst@currlwidth=\dimen172
\lst@column=\count132
\lst@pos=\count133
\lst@lostspace=\dimen173
\lst@width=\dimen174
\lst@newlines=\count134
\lst@lineno=\count135
\lst@maxwidth=\dimen175

(/usr/local/texlive/2019/texmf-dist/tex/latex/listings/lstmisc.sty
File: lstmisc.sty 2019/02/27 1.8b (Carsten Heinz)
\c@lstnumber=\count136
\lst@skipnumbers=\count137
\lst@framebox=\box45
)
(/usr/local/texlive/2019/texmf-dist/tex/latex/listings/listings.cfg
File: listings.cfg 2019/02/27 1.8b listings configuration
))
Package: listings 2019/02/27 1.8b (Carsten Heinz)

(/usr/local/texlive/2019/texmf-dist/tex/latex/tabu/tabu.sty
Package: tabu 2019/01/11 v2.9 - flexible LaTeX tabulars (FC+tabu-fixed)

(/usr/local/texlive/2019/texmf-dist/tex/latex/tools/array.sty
Package: array 2018/12/30 v2.4k Tabular extension package (FMi)
\col@sep=\dimen176
\ar@mcellbox=\box46
\extrarowheight=\dimen177
\NC@list=\toks46
\extratabsurround=\skip61
\backup@length=\skip62
\ar@cellbox=\box47
)
(/usr/local/texlive/2019/texmf-dist/tex/latex/varwidth/varwidth.sty
Package: varwidth 2009/03/30 ver 0.92;  Variable-width minipages
\@vwid@box=\box48
\sift@deathcycles=\count138
\@vwid@loff=\dimen178
\@vwid@roff=\dimen179
)
\c@taburow=\count139
\tabu@nbcols=\count140
\tabu@cnt=\count141
\tabu@Xcol=\count142
\tabu@alloc=\count143
\tabu@nested=\count144
\tabu@target=\dimen180
\tabu@spreadtarget=\dimen181
\tabu@naturalX=\dimen182
\tabucolX=\dimen183
\tabu@Xsum=\dimen184
\extrarowdepth=\dimen185
\abovetabulinesep=\dimen186
\belowtabulinesep=\dimen187
\tabustrutrule=\dimen188
\tabu@thebody=\toks47
\tabu@footnotes=\toks48
\tabu@box=\box49
\tabu@arstrutbox=\box50
\tabu@hleads=\box51
\tabu@vleads=\box52
\tabu@cellskip=\skip63
)
(/usr/local/texlive/2019/texmf-dist/tex/latex/enumitem/enumitem.sty
Package: enumitem 2019/02/04 v3.8 Customized lists
\labelindent=\skip64
\enit@outerparindent=\dimen189
\enit@toks=\toks49
\enit@inbox=\box53
\enit@count@id=\count145
\enitdp@description=\count146
)
(/usr/local/texlive/2019/texmf-dist/tex/generic/oberdiek/hyphsubst.sty
Package: hyphsubst 2016/05/16 v0.3 Substitute hyphenation patterns (HO)
Package hyphsubst Info: New: \l@vietnamese
(hyphsubst)             new value: 2 on input line 223.
)
(/usr/local/texlive/2019/texmf-dist/tex/generic/babel/babel.sty
Package: babel 2019/05/04 3.31 The Babel package

(/usr/local/texlive/2019/texmf-dist/tex/generic/babel/switch.def
File: switch.def 2019/05/04 3.31 Babel switching mechanism
)
(/usr/local/texlive/2019/texmf-dist/tex/generic/babel-vietnamese/vietnamese.ldf
Language: vietnamese 
(/usr/local/texlive/2019/texmf-dist/tex/generic/babel/babel.def
File: babel.def 2019/05/04 3.31 Babel common definitions
\babel@savecnt=\count147
\U@D=\dimen190

(/usr/local/texlive/2019/texmf-dist/tex/generic/babel/txtbabel.def)
\bbl@dirlevel=\count148
)
Loading definitions for the Vietnamese font encoding
(/usr/local/texlive/2019/texmf-dist/tex/latex/vntex/t5enc.def
File: t5enc.def 2006/11/21 v1.4 Vietnamese T5 encoding
LaTeX Font Info:    Redeclaring font encoding T5 on input line 75.
)
Package babel Info: Making " an active character on input line 147.
))
(/usr/local/texlive/2019/texmf-dist/tex/latex/titlesec/titlesec.sty
Package: titlesec 2016/03/21 v2.10.2 Sectioning titles
\ttl@box=\box54
\beforetitleunit=\skip65
\aftertitleunit=\skip66
\ttl@plus=\dimen191
\ttl@minus=\dimen192
\ttl@toksa=\toks50
\titlewidth=\dimen193
\titlewidthlast=\dimen194
\titlewidthfirst=\dimen195
)
(/usr/local/texlive/2019/texmf-dist/tex/latex/caption/subcaption.sty
Package: subcaption 2018/05/01 v1.1-162 Sub-captions (AR)

(/usr/local/texlive/2019/texmf-dist/tex/latex/caption/caption.sty
Package: caption 2018/10/06 v3.3-154 Customizing captions (AR)

(/usr/local/texlive/2019/texmf-dist/tex/latex/caption/caption3.sty
Package: caption3 2018/09/12 v1.8c caption3 kernel (AR)
Package caption3 Info: TeX engine: e-TeX on input line 64.
\captionmargin=\dimen196
\captionmargin@=\dimen197
\captionwidth=\dimen198
\caption@tempdima=\dimen199
\caption@indent=\dimen256
\caption@parindent=\dimen257
\caption@hangindent=\dimen258
)
\c@caption@flags=\count149
\c@ContinuedFloat=\count150
Package caption Info: float package is loaded.
Package caption Info: listings package is loaded.
)
\c@subfigure=\count151
\c@subtable=\count152
)
\c@theoremnum=\count153
\c@Proposition=\count154
\c@claim=\count155

(./baocao.aux

LaTeX Warning: Label `fig:nn3' multiply defined.


LaTeX Warning: Label `fig:resnet-fpn4' multiply defined.


LaTeX Warning: Label `fig:subfig1' multiply defined.


LaTeX Warning: Label `sub@fig:subfig1' multiply defined.


LaTeX Warning: Label `fig:subfig2' multiply defined.


LaTeX Warning: Label `sub@fig:subfig2' multiply defined.

)
\openout1 = `baocao.aux'.

LaTeX Font Info:    Checking defaults for OML/cmm/m/it on input line 70.
LaTeX Font Info:    ... okay on input line 70.
LaTeX Font Info:    Checking defaults for T1/cmr/m/n on input line 70.
LaTeX Font Info:    ... okay on input line 70.
LaTeX Font Info:    Checking defaults for OT1/cmr/m/n on input line 70.
LaTeX Font Info:    ... okay on input line 70.
LaTeX Font Info:    Checking defaults for OMS/cmsy/m/n on input line 70.
LaTeX Font Info:    ... okay on input line 70.
LaTeX Font Info:    Checking defaults for OMX/cmex/m/n on input line 70.
LaTeX Font Info:    ... okay on input line 70.
LaTeX Font Info:    Checking defaults for U/cmr/m/n on input line 70.
LaTeX Font Info:    ... okay on input line 70.
LaTeX Font Info:    Checking defaults for T5/cmr/m/n on input line 70.
LaTeX Font Info:    ... okay on input line 70.

*geometry* driver: auto-detecting
*geometry* detected driver: pdftex
*geometry* verbose mode - [ preamble ] result:
* driver: pdftex
* paper: a4paper
* layout: <same size as paper>
* layoutoffset:(h,v)=(0.0pt,0.0pt)
* modes: 
* h-part:(L,W,R)=(99.58464pt, 441.01773pt, 56.9055pt)
* v-part:(T,H,B)=(99.58464pt, 660.10394pt, 85.35826pt)
* \paperwidth=597.50787pt
* \paperheight=845.04684pt
* \textwidth=441.01773pt
* \textheight=660.10394pt
* \oddsidemargin=27.31465pt
* \evensidemargin=27.31465pt
* \topmargin=-9.68535pt
* \headheight=12.0pt
* \headsep=25.0pt
* \topskip=12.0pt
* \footskip=30.0pt
* \marginparwidth=35.0pt
* \marginparsep=10.0pt
* \columnsep=10.0pt
* \skip\footins=10.8pt plus 4.0pt minus 2.0pt
* \hoffset=0.0pt
* \voffset=0.0pt
* \mag=1000
* \@twocolumnfalse
* \@twosidefalse
* \@mparswitchfalse
* \@reversemarginfalse
* (1in=72.27pt=25.4mm, 1cm=28.453pt)

(/usr/local/texlive/2019/texmf-dist/tex/context/base/mkii/supp-pdf.mkii
[Loading MPS to PDF converter (version 2006.09.02).]
\scratchcounter=\count156
\scratchdimen=\dimen259
\scratchbox=\box55
\nofMPsegments=\count157
\nofMParguments=\count158
\everyMPshowfont=\toks51
\MPscratchCnt=\count159
\MPscratchDim=\dimen260
\MPnumerator=\count160
\makeMPintoPDFobject=\count161
\everyMPtoPDFconversion=\toks52
) (/usr/local/texlive/2019/texmf-dist/tex/latex/oberdiek/epstopdf-base.sty
Package: epstopdf-base 2016/05/15 v2.6 Base part for package epstopdf

(/usr/local/texlive/2019/texmf-dist/tex/latex/oberdiek/grfext.sty
Package: grfext 2016/05/16 v1.2 Manage graphics extensions (HO)

(/usr/local/texlive/2019/texmf-dist/tex/generic/oberdiek/kvdefinekeys.sty
Package: kvdefinekeys 2016/05/16 v1.4 Define keys (HO)
))
(/usr/local/texlive/2019/texmf-dist/tex/latex/oberdiek/kvoptions.sty
Package: kvoptions 2016/05/16 v3.12 Key value format for package options (HO)

(/usr/local/texlive/2019/texmf-dist/tex/generic/oberdiek/kvsetkeys.sty
Package: kvsetkeys 2016/05/16 v1.17 Key value parser (HO)

(/usr/local/texlive/2019/texmf-dist/tex/generic/oberdiek/etexcmds.sty
Package: etexcmds 2016/05/16 v1.6 Avoid name clashes with e-TeX commands (HO)

(/usr/local/texlive/2019/texmf-dist/tex/generic/oberdiek/ifluatex.sty
Package: ifluatex 2016/05/16 v1.4 Provides the ifluatex switch (HO)
Package ifluatex Info: LuaTeX not detected.
))))
(/usr/local/texlive/2019/texmf-dist/tex/generic/oberdiek/pdftexcmds.sty
Package: pdftexcmds 2018/09/10 v0.29 Utility functions of pdfTeX for LuaTeX (HO
)
Package pdftexcmds Info: LuaTeX not detected.
Package pdftexcmds Info: \pdf@primitive is available.
Package pdftexcmds Info: \pdf@ifprimitive is available.
Package pdftexcmds Info: \pdfdraftmode found.
)
Package epstopdf-base Info: Redefining graphics rule for `.eps' on input line 4
38.
Package grfext Info: Graphics extension search list:
(grfext)             [.pdf,.png,.jpg,.mps,.jpeg,.jbig2,.jb2,.PDF,.PNG,.JPG,.JPE
G,.JBIG2,.JB2,.eps]
(grfext)             \AppendGraphicsExtensions on input line 456.

(/usr/local/texlive/2019/texmf-dist/tex/latex/latexconfig/epstopdf-sys.cfg
File: epstopdf-sys.cfg 2010/07/13 v1.3 Configuration of (r)epstopdf for TeX Liv
e
))
ABD: EveryShipout initializing macros
\AtBeginShipoutBox=\box56

(/usr/local/texlive/2019/texmf-dist/tex/latex/oberdiek/pdflscape.sty
Package: pdflscape 2016/05/14 v0.11 Display of landscape pages in PDF (HO)

(/usr/local/texlive/2019/texmf-dist/tex/latex/graphics/lscape.sty
Package: lscape 2000/10/22 v3.01 Landscape Pages (DPC)
)
Package pdflscape Info: Auto-detected driver: pdftex on input line 81.
)
\c@lstlisting=\count162
Package caption Info: Begin \AtBeginDocument code.
Package caption Info: End \AtBeginDocument code.
<Images/biaDA.png, id=4, 134.5025pt x 181.67876pt>
File: Images/biaDA.png Graphic file (type png)
<use Images/biaDA.png>
Package pdftex.def Info: Images/biaDA.png  used on input line 87.
(pdftex.def)             Requested size: 114.32764pt x 154.42766pt.
LaTeX Font Info:    Try loading font information for U+msa on input line 108.

(/usr/local/texlive/2019/texmf-dist/tex/latex/amsfonts/umsa.fd
File: umsa.fd 2013/01/14 v3.01 AMS symbols A
)
LaTeX Font Info:    Try loading font information for U+msb on input line 108.

(/usr/local/texlive/2019/texmf-dist/tex/latex/amsfonts/umsb.fd
File: umsb.fd 2013/01/14 v3.01 AMS symbols B
)
LaTeX Font Info:    Try loading font information for U+rsfs on input line 108.

(/usr/local/texlive/2019/texmf-dist/tex/latex/jknapltx/ursfs.fd
File: ursfs.fd 1998/03/24 rsfs font definition file (jk)
) [1

{/usr/local/texlive/2019/texmf-var/fonts/map/pdftex/updmap/pdftex.map} <./Image
s/biaDA.png>] (./baocao.toc [1

])
\tf@toc=\write4
\openout4 = `baocao.toc'.



Package Fancyhdr Warning: \headheight is too small (12.0pt): 
Make it at least 14.93912pt.
We now make it that large for the rest of the document.
This may cause the page layout to be inconsistent, however.

[2] [3

] (./baocao.lof
Overfull \hbox (18.97011pt too wide) in paragraph at lines 13--13
 [][] []\T5/cmr/m/n/12 Mët v½ dö v· ph¡t hi»n biºn b¡o Stop tø h¼nh £nh. (Nguçn
: \T5/cmr/m/it/12 pyimagesearch.com\T5/cmr/m/n/12 ) [][]  
 []

[4

])
\tf@lof=\write5
\openout5 = `baocao.lof'.

 [5] [6

]
LaTeX Font Info:    Try loading font information for OMS+cmr on input line 145.

 (/usr/local/texlive/2019/texmf-dist/tex/latex/base/omscmr.fd
File: omscmr.fd 2014/09/29 v2.5h Standard LaTeX font definitions
)
LaTeX Font Info:    Font shape `OMS/cmr/m/n' in size <12> not available
(Font)              Font shape `OMS/cmsy/m/n' tried instead on input line 145.

[7

]
Ch\uhorn \ohorn ng 1.
<Images/aimldl.png, id=39, 578.16pt x 368.1253pt>
File: Images/aimldl.png Graphic file (type png)
<use Images/aimldl.png>
Package pdftex.def Info: Images/aimldl.png  used on input line 167.
(pdftex.def)             Requested size: 441.01773pt x 280.80046pt.
[8

]
<Images/nn1.png, id=43, 1129.21875pt x 263.48438pt>
File: Images/nn1.png Graphic file (type png)
<use Images/nn1.png>
Package pdftex.def Info: Images/nn1.png  used on input line 185.
(pdftex.def)             Requested size: 352.81552pt x 82.32257pt.
 [9 <./Images/aimldl.png (PNG copy)>]
<Images/nn2.png, id=47, 839.38594pt x 290.58563pt>
File: Images/nn2.png Graphic file (type png)
<use Images/nn2.png>
Package pdftex.def Info: Images/nn2.png  used on input line 195.
(pdftex.def)             Requested size: 441.01773pt x 152.67502pt.


LaTeX Warning: `!h' float specifier changed to `!ht'.

[10 <./Images/nn1.png (PNG copy)>]
<Images/nn3.png, id=54, 312.41719pt x 257.46187pt>
File: Images/nn3.png Graphic file (type png)
<use Images/nn3.png>
Package pdftex.def Info: Images/nn3.png  used on input line 218.
(pdftex.def)             Requested size: 352.81552pt x 290.75958pt.


LaTeX Warning: `!h' float specifier changed to `!ht'.

[11 <./Images/nn2.png>]
<Images/cnn1.jpg, id=59, 1606.0pt x 401.5pt>
File: Images/cnn1.jpg Graphic file (type jpg)
<use Images/cnn1.jpg>
Package pdftex.def Info: Images/cnn1.jpg  used on input line 228.
(pdftex.def)             Requested size: 441.01773pt x 110.25049pt.


LaTeX Warning: `!h' float specifier changed to `!ht'.

<Images/cnn2.png, id=60, 865.73438pt x 376.40625pt>
File: Images/cnn2.png Graphic file (type png)
<use Images/cnn2.png>
Package pdftex.def Info: Images/cnn2.png  used on input line 235.
(pdftex.def)             Requested size: 441.01773pt x 191.74638pt.
[12 <./Images/nn3.png>]
<Images/stride1.png, id=66, 182.93344pt x 176.91093pt>
File: Images/stride1.png Graphic file (type png)
<use Images/stride1.png>
Package pdftex.def Info: Images/stride1.png  used on input line 243.
(pdftex.def)             Requested size: 91.46649pt x 88.45525pt.
<Images/stride2.png, id=67, 256.96pt x 229.85875pt>
File: Images/stride2.png Graphic file (type png)
<use Images/stride2.png>
Package pdftex.def Info: Images/stride2.png  used on input line 247.
(pdftex.def)             Requested size: 109.20851pt x 97.69041pt.
<Images/stride3.png, id=68, 217.81375pt x 198.7425pt>
File: Images/stride3.png Graphic file (type png)
<use Images/stride3.png>
Package pdftex.def Info: Images/stride3.png  used on input line 251.
(pdftex.def)             Requested size: 108.9066pt x 99.371pt.
 [13 <./Images/cnn1.jpg> <./Images/cnn2.png> <./Images/stride1.png (PNG copy)> 
<./Images/stride2.png (PNG copy)> <./Images/stride3.png (PNG copy)>]
<Images/pooling.png, id=73, 815.29594pt x 437.38406pt>
File: Images/pooling.png Graphic file (type png)
<use Images/pooling.png>
Package pdftex.def Info: Images/pooling.png  used on input line 261.
(pdftex.def)             Requested size: 396.91325pt x 212.93187pt.
<Images/fc.png, id=74, 828.09375pt x 301.125pt>
File: Images/fc.png Graphic file (type png)
<use Images/fc.png>
Package pdftex.def Info: Images/fc.png  used on input line 268.
(pdftex.def)             Requested size: 396.91325pt x 144.33618pt.


LaTeX Warning: `!h' float specifier changed to `!ht'.

<Images/relu1.png, id=75, 740.7675pt x 258.21469pt>
File: Images/relu1.png Graphic file (type png)
<use Images/relu1.png>
Package pdftex.def Info: Images/relu1.png  used on input line 277.
(pdftex.def)             Requested size: 441.01773pt x 153.72829pt.
[14 <./Images/pooling.png>] [15 <./Images/fc.png> <./Images/relu1.png>]
<Images/det.png, id=88, 402.75468pt x 270.25969pt>
File: Images/det.png Graphic file (type png)
<use Images/det.png>
Package pdftex.def Info: Images/det.png  used on input line 290.
(pdftex.def)             Requested size: 308.71106pt x 207.15211pt.

[16 <./Images/det.png>]
Overfull \hbox (3.92351pt too wide) in paragraph at lines 302--302
[]\T5/cmr/bx/n/12 One-stage Object Detection: \T5/cmr/m/n/12 C¡c thuªt to¡n ^^_
iºn h¼nh nh÷: SSD, YOLO, RetinaNet.
 []

[17] [18]
<Images/iou1.jpg, id=100, 602.25pt x 451.6875pt>
File: Images/iou1.jpg Graphic file (type jpg)
<use Images/iou1.jpg>
Package pdftex.def Info: Images/iou1.jpg  used on input line 320.
(pdftex.def)             Requested size: 220.50887pt x 165.38492pt.

Underfull \hbox (badness 2142) in paragraph at lines 321--321
[]\T5/cmr/m/n/12 H¼nh 1.11: |Mët v½ dö v· ph¡t hi»n biºn b¡o Stop tø h¼nh £nh. 
(Nguçn:
 []

<Images/iou3.png, id=101, 602.25pt x 469.755pt>
File: Images/iou3.png Graphic file (type png)
<use Images/iou3.png>
Package pdftex.def Info: Images/iou3.png  used on input line 331.
(pdftex.def)             Requested size: 220.50887pt x 172.00032pt.
<Images/iou4.png, id=102, 451.6875pt x 186.6975pt>
File: Images/iou4.png Graphic file (type png)
<use Images/iou4.png>
Package pdftex.def Info: Images/iou4.png  used on input line 337.
(pdftex.def)             Requested size: 308.71106pt x 127.60783pt.

LaTeX Warning: `!h' float specifier changed to `!ht'.

[19 <./Images/iou1.jpg> <./Images/iou3.png>]
<Images/PR.png, id=107, 2690.05pt x 1572.87625pt>
File: Images/PR.png Graphic file (type png)
<use Images/PR.png>
Package pdftex.def Info: Images/PR.png  used on input line 349.
(pdftex.def)             Requested size: 308.71106pt x 180.48096pt.
 [20 <./Images/iou4.png> <./Images/PR.png>]
<Images/screensprhot001.png, id=113, 658.71094pt x 326.72063pt>
File: Images/screensprhot001.png Graphic file (type png)
<use Images/screensprhot001.png>
Package pdftex.def Info: Images/screensprhot001.png  used on input line 387.
(pdftex.def)             Requested size: 308.71106pt x 153.12498pt.
 [21 <./Images/screensprhot001.png (PNG copy)>]
<Images/cocometric.png, id=117, 741.52031pt x 293.59688pt>
File: Images/cocometric.png Graphic file (type png)
<use Images/cocometric.png>
Package pdftex.def Info: Images/cocometric.png  used on input line 397.
(pdftex.def)             Requested size: 441.01773pt x 174.61838pt.
 [22 <./Images/cocometric.png>]
<Images/resnet_visulize.jpg, id=122, 1111.15125pt x 298.11375pt>
File: Images/resnet_visulize.jpg Graphic file (type jpg)
<use Images/resnet_visulize.jpg>
Package pdftex.def Info: Images/resnet_visulize.jpg  used on input line 430.
(pdftex.def)             Requested size: 341.43538pt x 170.7181pt.

Overfull \hbox (2.1733pt too wide) in paragraph at lines 435--435
|[]\T5/cmr/bx/n/14.4 M¤ng kim tü th¡p ^^_°c tr÷ng Feature Pyramid Network
 []

<Images/resnet_1.png, id=123, 351.56343pt x 279.29344pt>
File: Images/resnet_1.png Graphic file (type png)
<use Images/resnet_1.png>
Package pdftex.def Info: Images/resnet_1.png  used on input line 440.
(pdftex.def)             Requested size: 220.50887pt x 175.1759pt.

LaTeX Warning: `!h' float specifier changed to `!ht'.

<Images/fpn1.png, id=124, 368.37625pt x 157.58875pt>
File: Images/fpn1.png Graphic file (type png)
<use Images/fpn1.png>
Package pdftex.def Info: Images/fpn1.png  used on input line 452.
(pdftex.def)             Requested size: 220.50887pt x 94.33034pt.
<Images/fpn2.png, id=125, 351.3125pt x 250.9375pt>
File: Images/fpn2.png Graphic file (type png)
<use Images/fpn2.png>
Package pdftex.def Info: Images/fpn2.png  used on input line 466.
(pdftex.def)             Requested size: 220.50887pt x 157.50945pt.
<Images/fpn3.png, id=126, 362.35374pt x 177.66376pt>
File: Images/fpn3.png Graphic file (type png)
<use Images/fpn3.png>
Package pdftex.def Info: Images/fpn3.png  used on input line 485.
(pdftex.def)             Requested size: 220.50887pt x 108.11719pt.
<Images/fpn4.png, id=127, 421.575pt x 481.8pt>
File: Images/fpn4.png Graphic file (type png)
<use Images/fpn4.png>
Package pdftex.def Info: Images/fpn4.png  used on input line 500.
(pdftex.def)             Requested size: 220.50887pt x 252.01512pt.
[23 <./Images/resnet_visulize.jpg>]

LaTeX Warning: `!h' float specifier changed to `!ht'.

[24 <./Images/resnet_1.png> <./Images/fpn1.png>] [25 <./Images/fpn2.png> <./Ima
ges/fpn3.png>] [26 <./Images/fpn4.png>]
Underfull \hbox (badness 10000) in paragraph at lines 520--521

 []

[27]
Underfull \hbox (badness 10000) in paragraph at lines 545--546

 []

[28]
<Images/FocalLoss_6_1.png, id=153, 940.51375pt x 505.89pt>
File: Images/FocalLoss_6_1.png Graphic file (type png)
<use Images/FocalLoss_6_1.png>
Package pdftex.def Info: Images/FocalLoss_6_1.png  used on input line 570.
(pdftex.def)             Requested size: 441.01773pt x 237.22026pt.
 [29 <./Images/FocalLoss_6_1.png>] [30]
<Images/dog_bike.png, id=163, 340.27126pt x 341.275pt>
File: Images/dog_bike.png Graphic file (type png)
<use Images/dog_bike.png>
Package pdftex.def Info: Images/dog_bike.png  used on input line 600.
(pdftex.def)             Requested size: 220.50887pt x 221.15956pt.
 [31 <./Images/dog_bike.png>]
Ch\uhorn \ohorn ng 2.
<Images/Img_RSKA003603_0_r2560_c3200_2.png, id=168, 256.96pt x 256.96pt>
File: Images/Img_RSKA003603_0_r2560_c3200_2.png Graphic file (type png)
<use Images/Img_RSKA003603_0_r2560_c3200_2.png>
Package pdftex.def Info: Images/Img_RSKA003603_0_r2560_c3200_2.png  used on inp
ut line 619.
(pdftex.def)             Requested size: 198.45662pt x 198.4597pt.
<Images/Img_RSKA003603_0_r2560_c3200.png, id=169, 256.96pt x 256.96pt>
File: Images/Img_RSKA003603_0_r2560_c3200.png Graphic file (type png)
<use Images/Img_RSKA003603_0_r2560_c3200.png>
Package pdftex.def Info: Images/Img_RSKA003603_0_r2560_c3200.png  used on input
 line 626.
(pdftex.def)             Requested size: 198.45662pt x 198.4597pt.
[32

] [33 <./Images/Img_RSKA003603_0_r2560_c3200_2.png (PNG copy)> <./Images/Img_RS
KA003603_0_r2560_c3200.png (PNG copy)>]
<Images/data_folder.png, id=177, 774.895pt x 400.49625pt>
File: Images/data_folder.png Graphic file (type png)
<use Images/data_folder.png>
Package pdftex.def Info: Images/data_folder.png  used on input line 649.
(pdftex.def)             Requested size: 441.01773pt x 227.9369pt.
 [34 <./Images/data_folder.png>]
<Images/qgisa.png, id=182, 920.43875pt x 549.05125pt>
File: Images/qgisa.png Graphic file (type png)
<use Images/qgisa.png>
Package pdftex.def Info: Images/qgisa.png  used on input line 657.
(pdftex.def)             Requested size: 441.01773pt x 263.07245pt.
<Images/qgisb.png, id=183, 648.4225pt x 466.74374pt>
File: Images/qgisb.png Graphic file (type png)
<use Images/qgisb.png>
Package pdftex.def Info: Images/qgisb.png  used on input line 665.
(pdftex.def)             Requested size: 308.71106pt x 222.21835pt.

[35 <./Images/qgisa.png> <./Images/qgisb.png>]
<Images/polygon_ori.png, id=189, 565.11125pt x 396.48125pt>
File: Images/polygon_ori.png Graphic file (type png)
<use Images/polygon_ori.png>
Package pdftex.def Info: Images/polygon_ori.png  used on input line 691.
(pdftex.def)             Requested size: 441.01773pt x 309.42351pt.
<Images/polygon_bounds.png, id=190, 581.17125pt x 449.68pt>
File: Images/polygon_bounds.png Graphic file (type png)
<use Images/polygon_bounds.png>
Package pdftex.def Info: Images/polygon_bounds.png  used on input line 699.
(pdftex.def)             Requested size: 441.01773pt x 341.23886pt.


LaTeX Warning: `!h' float specifier changed to `!ht'.

[36 <./Images/polygon_ori.png>] [37 <./Images/polygon_bounds.png>]
<Images/original/Img_RSKA003603_0_r000_c256.jpg, id=200, 256.96pt x 256.96pt>
File: Images/original/Img_RSKA003603_0_r000_c256.jpg Graphic file (type jpg)
<use Images/original/Img_RSKA003603_0_r000_c256.jpg>
Package pdftex.def Info: Images/original/Img_RSKA003603_0_r000_c256.jpg  used o
n input line 737.
(pdftex.def)             Requested size: 198.45662pt x 198.4597pt.
<Images/original/Img_RSKA003603_0_r256_c3328.jpg, id=201, 256.96pt x 256.96pt>
File: Images/original/Img_RSKA003603_0_r256_c3328.jpg Graphic file (type jpg)
<use Images/original/Img_RSKA003603_0_r256_c3328.jpg>
Package pdftex.def Info: Images/original/Img_RSKA003603_0_r256_c3328.jpg  used 
on input line 744.
(pdftex.def)             Requested size: 198.45662pt x 198.4597pt.
<Images/original/Img_RSKA014702_3_r1664_c384.jpg, id=202, 256.96pt x 222.8325pt
>
File: Images/original/Img_RSKA014702_3_r1664_c384.jpg Graphic file (type jpg)
<use Images/original/Img_RSKA014702_3_r1664_c384.jpg>
Package pdftex.def Info: Images/original/Img_RSKA014702_3_r1664_c384.jpg  used 
on input line 751.
(pdftex.def)             Requested size: 220.50887pt x 191.2242pt.
 [38 <./Images/original/Img_RSKA003603_0_r000_c256.jpg> <./Images/original/Img_
RSKA003603_0_r256_c3328.jpg> <./Images/original/Img_RSKA014702_3_r1664_c384.jpg
>]
<Images/tree_DATN.png, id=206, 354.32375pt x 449.68pt>
File: Images/tree_DATN.png Graphic file (type png)
<use Images/tree_DATN.png>
Package pdftex.def Info: Images/tree_DATN.png  used on input line 766.
(pdftex.def)             Requested size: 352.81552pt x 447.77823pt.
 [39 <./Images/tree_DATN.png>] [40]
Ch\uhorn \ohorn ng 3.
<Images/nvidia-smi.png, id=214, 670.505pt x 589.20125pt>
File: Images/nvidia-smi.png Graphic file (type png)
<use Images/nvidia-smi.png>
Package pdftex.def Info: Images/nvidia-smi.png  used on input line 794.
(pdftex.def)             Requested size: 352.81552pt x 310.02754pt.

LaTeX Warning: `!h' float specifier changed to `!ht'.

<Images/demo.png, id=215, 1292.83pt x 729.72626pt>
File: Images/demo.png Graphic file (type png)
<use Images/demo.png>
Package pdftex.def Info: Images/demo.png  used on input line 811.
(pdftex.def)             Requested size: 441.01773pt x 248.92761pt.
[41

]

LaTeX Warning: `!h' float specifier changed to `!ht'.

<Images/shpfile_demo_result.png, id=219, 277.035pt x 94.3525pt>
File: Images/shpfile_demo_result.png Graphic file (type png)
<use Images/shpfile_demo_result.png>
Package pdftex.def Info: Images/shpfile_demo_result.png  used on input line 821
.
(pdftex.def)             Requested size: 220.50887pt x 75.10056pt.

LaTeX Warning: `!h' float specifier changed to `!ht'.

<Images/demo_result.png, id=220, 1020.81375pt x 601.24625pt>
File: Images/demo_result.png Graphic file (type png)
<use Images/demo_result.png>
Package pdftex.def Info: Images/demo_result.png  used on input line 832.
(pdftex.def)             Requested size: 441.01773pt x 259.7602pt.
[42 <./Images/nvidia-smi.png>]

LaTeX Warning: `!h' float specifier changed to `!ht'.

[43 <./Images/demo.png> <./Images/shpfile_demo_result.png>]
<Images/f1-score.png, id=231, 263.98625pt x 72.27pt>
File: Images/f1-score.png Graphic file (type png)
<use Images/f1-score.png>
Package pdftex.def Info: Images/f1-score.png  used on input line 857.
(pdftex.def)             Requested size: 352.81552pt x 96.59425pt.


LaTeX Warning: `!h' float specifier changed to `!ht'.

[44 <./Images/demo_result.png>] [45 <./Images/f1-score.png>]
Underfull \hbox (badness 4001) in paragraph at lines 945--953
\T5/cmr/m/n/12 and Serge J. Belongie. \T5/cmr/m/it/12 Feature Pyramid Networks 
for Object Detection\T5/cmr/m/n/12 .
 []

[46

] (./baocao.aux)

LaTeX Warning: There were multiply-defined labels.

 ) 
Here is how much of TeX's memory you used:
 19452 strings out of 492616
 353316 string characters out of 6129480
 420292 words of memory out of 5000000
 22924 multiletter control sequences out of 15000+600000
 23218 words of font info for 52 fonts, out of 8000000 for 9000
 1141 hyphenation exceptions out of 8191
 55i,12n,48p,1533b,612s stack positions out of 5000i,500n,10000p,200000b,80000s
</usr/local/texlive/2019/texmf-dist/fonts/type1/public/amsfonts/cm/cmbx12.pfb
></usr/local/texlive/2019/texmf-dist/fonts/type1/public/amsfonts/cm/cmex10.pfb>
</usr/local/texlive/2019/texmf-dist/fonts/type1/public/amsfonts/cm/cmmi12.pfb><
/usr/local/texlive/2019/texmf-dist/fonts/type1/public/amsfonts/cm/cmmi6.pfb></u
sr/local/texlive/2019/texmf-dist/fonts/type1/public/amsfonts/cm/cmmi8.pfb></usr
/local/texlive/2019/texmf-dist/fonts/type1/public/amsfonts/cm/cmr12.pfb></usr/l
ocal/texlive/2019/texmf-dist/fonts/type1/public/amsfonts/cm/cmr8.pfb></usr/loca
l/texlive/2019/texmf-dist/fonts/type1/public/amsfonts/cm/cmsy10.pfb></usr/local
/texlive/2019/texmf-dist/fonts/type1/public/amsfonts/cm/cmsy8.pfb></usr/local/t
exlive/2019/texmf-dist/fonts/type1/public/amsfonts/symbols/msbm10.pfb></usr/loc
al/texlive/2019/texmf-dist/fonts/type1/vntex/vnr/vnbx12.pfb></usr/local/texlive
/2019/texmf-dist/fonts/type1/vntex/vnr/vnr10.pfb></usr/local/texlive/2019/texmf
-dist/fonts/type1/vntex/vnr/vnr12.pfb></usr/local/texlive/2019/texmf-dist/fonts
/type1/vntex/vnr/vnti12.pfb>
Output written on baocao.pdf (47 pages, 9373588 bytes).
PDF statistics:
 291 PDF objects out of 1000 (max. 8388607)
 152 compressed objects within 2 object streams
 0 named destinations out of 1000 (max. 500000)
 233 words of extra memory for PDF output out of 10000 (max. 10000000)

